# JRE version: Java(TM) SE Runtime Environment (8.0_144-b01) (build 1.8.0_144-b01)
# Java VM: Java HotSpot(TM) 64-Bit Server VM (25.144-b01 mixed mode linux-amd64 compressed oops)
Heap:
 PSYoungGen      total 36864K, used 7870K [0x00000000d7100000, 0x00000000db900000, 0x0000000100000000)
  eden space 31744K, 24% used [0x00000000d7100000,0x00000000d78afa90,0x00000000d9000000)
  from space 5120K, 0% used [0x00000000d9000000,0x00000000d9000000,0x00000000d9500000)
  to   space 5120K, 0% used [0x00000000db400000,0x00000000db400000,0x00000000db900000)
 ParOldGen       total 69632K, used 10746K [0x0000000085200000, 0x0000000089600000, 0x00000000d7100000)
  object space 69632K, 15% used [0x0000000085200000,0x0000000085c7e8e0,0x0000000089600000)
 Metaspace       used 22081K, capacity 23416K, committed 23552K, reserved 1069056K
  class space    used 3274K, capacity 3550K, committed 3584K, reserved 1048576K
GC Heap History (8 events):
Event: 0,942 GC heap before
{Heap before GC invocations=1 (full 0):
 PSYoungGen      total 36864K, used 31744K [0x00000000d7100000, 0x00000000d9a00000, 0x0000000100000000)
  eden space 31744K, 100% used [0x00000000d7100000,0x00000000d9000000,0x00000000d9000000)
  from space 5120K, 0% used [0x00000000d9500000,0x00000000d9500000,0x00000000d9a00000)
  to   space 5120K, 0% used [0x00000000d9000000,0x00000000d9000000,0x00000000d9500000)
 ParOldGen       total 84992K, used 0K [0x0000000085200000, 0x000000008a500000, 0x00000000d7100000)
  object space 84992K, 0% used [0x0000000085200000,0x0000000085200000,0x000000008a500000)
 Metaspace       used 11371K, capacity 11814K, committed 11904K, reserved 1058816K
  class space    used 1454K, capacity 1588K, committed 1664K, reserved 1048576K
Event: 0,949 GC heap after
Heap after GC invocations=1 (full 0):
 PSYoungGen      total 36864K, used 5099K [0x00000000d7100000, 0x00000000d9a00000, 0x0000000100000000)
  eden space 31744K, 0% used [0x00000000d7100000,0x00000000d7100000,0x00000000d9000000)
  from space 5120K, 99% used [0x00000000d9000000,0x00000000d94fada8,0x00000000d9500000)
  to   space 5120K, 0% used [0x00000000d9500000,0x00000000d9500000,0x00000000d9a00000)
 ParOldGen       total 84992K, used 1698K [0x0000000085200000, 0x000000008a500000, 0x00000000d7100000)
  object space 84992K, 1% used [0x0000000085200000,0x00000000853a88a0,0x000000008a500000)
 Metaspace       used 11371K, capacity 11814K, committed 11904K, reserved 1058816K
  class space    used 1454K, capacity 1588K, committed 1664K, reserved 1048576K
}
Event: 1,780 GC heap before
{Heap before GC invocations=2 (full 0):
 PSYoungGen      total 36864K, used 36843K [0x00000000d7100000, 0x00000000d9a00000, 0x0000000100000000)
  eden space 31744K, 100% used [0x00000000d7100000,0x00000000d9000000,0x00000000d9000000)
  from space 5120K, 99% used [0x00000000d9000000,0x00000000d94fada8,0x00000000d9500000)
  to   space 5120K, 0% used [0x00000000d9500000,0x00000000d9500000,0x00000000d9a00000)
 ParOldGen       total 84992K, used 1698K [0x0000000085200000, 0x000000008a500000, 0x00000000d7100000)
  object space 84992K, 1% used [0x0000000085200000,0x00000000853a88a0,0x000000008a500000)
 Metaspace       used 19046K, capacity 20170K, committed 20224K, reserved 1067008K
  class space    used 2822K, capacity 3069K, committed 3072K, reserved 1048576K
Event: 1,792 GC heap after
Heap after GC invocations=2 (full 0):
 PSYoungGen      total 36864K, used 5106K [0x00000000d7100000, 0x00000000db900000, 0x0000000100000000)
  eden space 31744K, 0% used [0x00000000d7100000,0x00000000d7100000,0x00000000d9000000)
  from space 5120K, 99% used [0x00000000d9500000,0x00000000d99fc878,0x00000000d9a00000)
  to   space 5120K, 0% used [0x00000000d9000000,0x00000000d9000000,0x00000000d9500000)
 ParOldGen       total 84992K, used 6022K [0x0000000085200000, 0x000000008a500000, 0x00000000d7100000)
  object space 84992K, 7% used [0x0000000085200000,0x00000000857e1b80,0x000000008a500000)
 Metaspace       used 19046K, capacity 20170K, committed 20224K, reserved 1067008K
  class space    used 2822K, capacity 3069K, committed 3072K, reserved 1048576K
}
Event: 2,187 GC heap before
{Heap before GC invocations=3 (full 0):
 PSYoungGen      total 36864K, used 11796K [0x00000000d7100000, 0x00000000db900000, 0x0000000100000000)
  eden space 31744K, 21% used [0x00000000d7100000,0x00000000d7788810,0x00000000d9000000)
  from space 5120K, 99% used [0x00000000d9500000,0x00000000d99fc878,0x00000000d9a00000)
  to   space 5120K, 0% used [0x00000000d9000000,0x00000000d9000000,0x00000000d9500000)
 ParOldGen       total 84992K, used 6022K [0x0000000085200000, 0x000000008a500000, 0x00000000d7100000)
  object space 84992K, 7% used [0x0000000085200000,0x00000000857e1b80,0x000000008a500000)
 Metaspace       used 20125K, capacity 21254K, committed 21296K, reserved 1067008K
  class space    used 2939K, capacity 3189K, committed 3200K, reserved 1048576K
Event: 2,202 GC heap after
Heap after GC invocations=3 (full 0):
 PSYoungGen      total 36864K, used 5112K [0x00000000d7100000, 0x00000000db900000, 0x0000000100000000)
  eden space 31744K, 0% used [0x00000000d7100000,0x00000000d7100000,0x00000000d9000000)
  from space 5120K, 99% used [0x00000000d9000000,0x00000000d94fe368,0x00000000d9500000)
  to   space 5120K, 0% used [0x00000000db400000,0x00000000db400000,0x00000000db900000)
 ParOldGen       total 84992K, used 7139K [0x0000000085200000, 0x000000008a500000, 0x00000000d7100000)
  object space 84992K, 8% used [0x0000000085200000,0x00000000858f8e88,0x000000008a500000)
 Metaspace       used 20125K, capacity 21254K, committed 21296K, reserved 1067008K
  class space    used 2939K, capacity 3189K, committed 3200K, reserved 1048576K
}
Event: 2,203 GC heap before
{Heap before GC invocations=4 (full 1):
 PSYoungGen      total 36864K, used 5112K [0x00000000d7100000, 0x00000000db900000, 0x0000000100000000)
  eden space 31744K, 0% used [0x00000000d7100000,0x00000000d7100000,0x00000000d9000000)
  from space 5120K, 99% used [0x00000000d9000000,0x00000000d94fe368,0x00000000d9500000)
  to   space 5120K, 0% used [0x00000000db400000,0x00000000db400000,0x00000000db900000)
 ParOldGen       total 84992K, used 7139K [0x0000000085200000, 0x000000008a500000, 0x00000000d7100000)
  object space 84992K, 8% used [0x0000000085200000,0x00000000858f8e88,0x000000008a500000)
 Metaspace       used 20125K, capacity 21254K, committed 21296K, reserved 1067008K
  class space    used 2939K, capacity 3189K, committed 3200K, reserved 1048576K
Event: 2,296 GC heap after
Heap after GC invocations=4 (full 1):
 PSYoungGen      total 36864K, used 0K [0x00000000d7100000, 0x00000000db900000, 0x0000000100000000)
  eden space 31744K, 0% used [0x00000000d7100000,0x00000000d7100000,0x00000000d9000000)
  from space 5120K, 0% used [0x00000000d9000000,0x00000000d9000000,0x00000000d9500000)
  to   space 5120K, 0% used [0x00000000db400000,0x00000000db400000,0x00000000db900000)
 ParOldGen       total 69632K, used 10746K [0x0000000085200000, 0x0000000089600000, 0x00000000d7100000)
  object space 69632K, 15% used [0x0000000085200000,0x0000000085c7e8e0,0x0000000089600000)
 Metaspace       used 20125K, capacity 21254K, committed 21296K, reserved 1067008K
  class space    used 2939K, capacity 3189K, committed 3200K, reserved 1048576K
}

